c:\users\jarred\google drive\bcit\final project\acacia engine\acacia\acacia\debug\acacia.pch
c:\users\jarred\google drive\bcit\final project\acacia engine\acacia\acacia\debug\vc140.pdb
c:\users\jarred\google drive\bcit\final project\acacia engine\acacia\acacia\debug\vc140.idb
c:\users\jarred\google drive\bcit\final project\acacia engine\acacia\acacia\debug\stdafx.obj
c:\users\jarred\google drive\bcit\final project\acacia engine\acacia\acacia\debug\camera.obj
c:\users\jarred\google drive\bcit\final project\acacia engine\acacia\acacia\debug\engine.obj
c:\users\jarred\google drive\bcit\final project\acacia engine\acacia\acacia\debug\errors.obj
c:\users\jarred\google drive\bcit\final project\acacia engine\acacia\acacia\debug\glslprogram.obj
c:\users\jarred\google drive\bcit\final project\acacia engine\acacia\acacia\debug\main.obj
c:\users\jarred\google drive\bcit\final project\acacia engine\acacia\acacia\debug\object.obj
c:\users\jarred\documents\github\acacia\acacia\debug\acacia.pch
c:\users\jarred\documents\github\acacia\acacia\debug\vc141.pdb
c:\users\jarred\documents\github\acacia\acacia\debug\vc141.idb
c:\users\jarred\documents\github\acacia\acacia\debug\stdafx.obj
c:\users\jarred\documents\github\acacia\acacia\debug\camera.obj
c:\users\jarred\documents\github\acacia\acacia\debug\engine.obj
c:\users\jarred\documents\github\acacia\acacia\debug\errors.obj
c:\users\jarred\documents\github\acacia\acacia\debug\glslprogram.obj
c:\users\jarred\documents\github\acacia\acacia\debug\main.obj
c:\users\jarred\documents\github\acacia\acacia\debug\object.obj
c:\users\jarred\google drive\bcit\final project\acacia engine\acacia\debug\acacia.exe
c:\users\jarred\google drive\bcit\final project\acacia engine\acacia\debug\acacia.pdb
c:\users\jarred\documents\github\acacia\acacia\debug\acacia.obj
c:\users\jarred\documents\github\acacia\acacia\debug\vc140.idb
c:\users\jarred\documents\github\acacia\acacia\debug\vc140.pdb
c:\users\jarred\documents\github\acacia\debug\acacia.pdb
c:\users\jarred\documents\github\acacia\acacia\debug\acacia.tlog\cl.command.1.tlog
c:\users\jarred\documents\github\acacia\acacia\debug\acacia.tlog\cl.read.1.tlog
c:\users\jarred\documents\github\acacia\acacia\debug\acacia.tlog\cl.write.1.tlog
c:\users\jarred\documents\github\acacia\acacia\debug\acacia.tlog\link-cvtres.read.1.tlog
c:\users\jarred\documents\github\acacia\acacia\debug\acacia.tlog\link-cvtres.write.1.tlog
c:\users\jarred\documents\github\acacia\acacia\debug\acacia.tlog\link-rc.read.1.tlog
c:\users\jarred\documents\github\acacia\acacia\debug\acacia.tlog\link-rc.write.1.tlog
c:\users\jarred\documents\github\acacia\acacia\debug\acacia.tlog\link.12736-cvtres.read.1.tlog
c:\users\jarred\documents\github\acacia\acacia\debug\acacia.tlog\link.12736-cvtres.write.1.tlog
c:\users\jarred\documents\github\acacia\acacia\debug\acacia.tlog\link.12736-rc.read.1.tlog
c:\users\jarred\documents\github\acacia\acacia\debug\acacia.tlog\link.12736-rc.write.1.tlog
c:\users\jarred\documents\github\acacia\acacia\debug\acacia.tlog\link.12736.read.1.tlog
c:\users\jarred\documents\github\acacia\acacia\debug\acacia.tlog\link.12736.write.1.tlog
c:\users\jarred\documents\github\acacia\acacia\debug\acacia.tlog\link.command.1.tlog
c:\users\jarred\documents\github\acacia\acacia\debug\acacia.tlog\link.delete.1.tlog
c:\users\jarred\documents\github\acacia\acacia\debug\acacia.tlog\link.read.1.tlog
c:\users\jarred\documents\github\acacia\acacia\debug\acacia.tlog\link.write.1.tlog
