  Camera.cpp
  Engine.cpp
  Entity.cpp
  Errors.cpp
  IndexBuffer.cpp
  Input.cpp
  main.cpp
  Mesh.cpp
  model.cpp
  Object.cpp
  OBJParser.cpp
  Renderer.cpp
  Shader.cpp
  stdafx.cpp
  Texture.cpp
  VertexArray.cpp
  VertexBuffer.cpp
  VertexBufferLayout.cpp
  VertexBufferObject.cpp
  Timer.cpp
LINK : warning C4727: PCH named c:\users\jarred\documents\github\acacia\acacia\release\acacia.pch with same timestamp found in c:\users\jarred\documents\github\acacia\acacia\release\indexbuffer.obj and c:\users\jarred\documents\github\acacia\acacia\release\errors.obj.  Using first PCH.
LINK : warning C4727: PCH named c:\users\jarred\documents\github\acacia\acacia\release\acacia.pch with same timestamp found in c:\users\jarred\documents\github\acacia\acacia\release\renderer.obj and c:\users\jarred\documents\github\acacia\acacia\release\objparser.obj.  Using first PCH.
LINK : warning C4727: PCH named c:\users\jarred\documents\github\acacia\acacia\release\acacia.pch with same timestamp found in c:\users\jarred\documents\github\acacia\acacia\release\timer.obj and c:\users\jarred\documents\github\acacia\acacia\release\vertexbufferobject.obj.  Using first PCH.
SOIL.lib(SOIL.obj) : warning LNK4075: ignoring '/EDITANDCONTINUE' due to '/OPT:ICF' specification
     Creating library C:\Users\Jarred\Documents\GitHub\acacia\Release\Acacia.lib and object C:\Users\Jarred\Documents\GitHub\acacia\Release\Acacia.exp
LINK : warning LNK4098: defaultlib 'MSVCRTD' conflicts with use of other libs; use /NODEFAULTLIB:library
  Generating code
  All 964 functions were compiled because no usable IPDB/IOBJ from previous compilation was found.
  Finished generating code
  Acacia.vcxproj -> C:\Users\Jarred\Documents\GitHub\acacia\Release\Acacia.exe
