c:\users\jarred\desktop\final project\acacia engine\acacia\acacia\x64\debug\acacia.pch
c:\users\jarred\desktop\final project\acacia engine\acacia\acacia\x64\debug\vc140.pdb
c:\users\jarred\desktop\final project\acacia engine\acacia\acacia\x64\debug\vc140.idb
c:\users\jarred\desktop\final project\acacia engine\acacia\acacia\x64\debug\stdafx.obj
c:\users\jarred\desktop\final project\acacia engine\acacia\acacia\x64\debug\engine.obj
c:\users\jarred\desktop\final project\acacia engine\acacia\acacia\x64\debug\errors.obj
c:\users\jarred\desktop\final project\acacia engine\acacia\acacia\x64\debug\glslprogram.obj
c:\users\jarred\desktop\final project\acacia engine\acacia\acacia\x64\debug\main.obj
c:\users\jarred\documents\github\acacia\acacia\x64\debug\acacia.pch
c:\users\jarred\documents\github\acacia\acacia\x64\debug\vc141.pdb
c:\users\jarred\documents\github\acacia\acacia\x64\debug\vc141.idb
c:\users\jarred\documents\github\acacia\acacia\x64\debug\stdafx.obj
c:\users\jarred\documents\github\acacia\acacia\x64\debug\camera.obj
c:\users\jarred\documents\github\acacia\acacia\x64\debug\engine.obj
c:\users\jarred\documents\github\acacia\acacia\x64\debug\errors.obj
c:\users\jarred\documents\github\acacia\acacia\x64\debug\glslprogram.obj
c:\users\jarred\documents\github\acacia\acacia\x64\debug\main.obj
c:\users\jarred\documents\github\acacia\acacia\x64\debug\object.obj
c:\users\jarred\documents\github\acacia\acacia\x64\debug\vc140.idb
c:\users\jarred\documents\github\acacia\acacia\x64\debug\vc140.pdb
c:\users\jarred\documents\github\acacia\x64\debug\acacia.pdb
c:\users\jarred\documents\github\acacia\acacia\x64\debug\acacia.tlog\cl.command.1.tlog
c:\users\jarred\documents\github\acacia\acacia\x64\debug\acacia.tlog\cl.read.1.tlog
c:\users\jarred\documents\github\acacia\acacia\x64\debug\acacia.tlog\cl.write.1.tlog
c:\users\jarred\documents\github\acacia\acacia\x64\debug\acacia.tlog\link-cvtres.read.1.tlog
c:\users\jarred\documents\github\acacia\acacia\x64\debug\acacia.tlog\link-cvtres.write.1.tlog
c:\users\jarred\documents\github\acacia\acacia\x64\debug\acacia.tlog\link-rc.read.1.tlog
c:\users\jarred\documents\github\acacia\acacia\x64\debug\acacia.tlog\link-rc.write.1.tlog
c:\users\jarred\documents\github\acacia\acacia\x64\debug\acacia.tlog\link.command.1.tlog
c:\users\jarred\documents\github\acacia\acacia\x64\debug\acacia.tlog\link.delete.1.tlog
c:\users\jarred\documents\github\acacia\acacia\x64\debug\acacia.tlog\link.read.1.tlog
c:\users\jarred\documents\github\acacia\acacia\x64\debug\acacia.tlog\link.write.1.tlog
