Camera.obj : error LNK2019: unresolved external symbol SDL_WarpMouseInWindow referenced in function "public: void __cdecl Camera::UpdateViewByMouse(struct SDL_Window &,float,float,float,float &,float &)" (?UpdateViewByMouse@Camera@@QEAAXAEAUSDL_Window@@MMMAEAM1@Z)
Engine.obj : error LNK2001: unresolved external symbol SDL_WarpMouseInWindow
Engine.obj : error LNK2019: unresolved external symbol SDL_CreateWindow referenced in function "private: void __cdecl Engine::initSystems(void)" (?initSystems@Engine@@AEAAXXZ)
Engine.obj : error LNK2019: unresolved external symbol SDL_GL_SetAttribute referenced in function "private: void __cdecl Engine::initSystems(void)" (?initSystems@Engine@@AEAAXXZ)
Engine.obj : error LNK2019: unresolved external symbol SDL_GL_CreateContext referenced in function "private: void __cdecl Engine::initSystems(void)" (?initSystems@Engine@@AEAAXXZ)
Engine.obj : error LNK2019: unresolved external symbol SDL_GL_SwapWindow referenced in function "private: void __cdecl Engine::mainLoop(void)" (?mainLoop@Engine@@AEAAXXZ)
Engine.obj : error LNK2019: unresolved external symbol SDL_ShowCursor referenced in function "private: void __cdecl Engine::initSystems(void)" (?initSystems@Engine@@AEAAXXZ)
Engine.obj : error LNK2019: unresolved external symbol SDL_PollEvent referenced in function "private: void __cdecl Engine::handleInput(void)" (?handleInput@Engine@@AEAAXXZ)
Engine.obj : error LNK2019: unresolved external symbol SDL_GetTicks referenced in function "private: void __cdecl Engine::mainLoop(void)" (?mainLoop@Engine@@AEAAXXZ)
Engine.obj : error LNK2019: unresolved external symbol SDL_Init referenced in function "private: void __cdecl Engine::initSystems(void)" (?initSystems@Engine@@AEAAXXZ)
Engine.obj : error LNK2019: unresolved external symbol __imp_glewInit referenced in function "private: void __cdecl Engine::initSystems(void)" (?initSystems@Engine@@AEAAXXZ)
Engine.obj : error LNK2019: unresolved external symbol SOIL_load_image referenced in function "private: void __cdecl Engine::mainLoop(void)" (?mainLoop@Engine@@AEAAXXZ)
Engine.obj : error LNK2019: unresolved external symbol SOIL_free_image_data referenced in function "private: void __cdecl Engine::mainLoop(void)" (?mainLoop@Engine@@AEAAXXZ)
Engine.obj : error LNK2001: unresolved external symbol __imp___glewActiveTexture
Engine.obj : error LNK2001: unresolved external symbol __imp___glewBindBuffer
Object.obj : error LNK2001: unresolved external symbol __imp___glewBindBuffer
Engine.obj : error LNK2001: unresolved external symbol __imp___glewBufferData
Object.obj : error LNK2001: unresolved external symbol __imp___glewBufferData
Engine.obj : error LNK2001: unresolved external symbol __imp___glewGenBuffers
Object.obj : error LNK2001: unresolved external symbol __imp___glewGenBuffers
Engine.obj : error LNK2001: unresolved external symbol __imp___glewEnableVertexAttribArray
GLSLProgram.obj : error LNK2001: unresolved external symbol __imp___glewEnableVertexAttribArray
Object.obj : error LNK2001: unresolved external symbol __imp___glewEnableVertexAttribArray
Engine.obj : error LNK2001: unresolved external symbol __imp___glewUniform1f
Engine.obj : error LNK2001: unresolved external symbol __imp___glewUniform1i
Engine.obj : error LNK2001: unresolved external symbol __imp___glewUniformMatrix4fv
Engine.obj : error LNK2001: unresolved external symbol __imp___glewVertexAttribPointer
Object.obj : error LNK2001: unresolved external symbol __imp___glewVertexAttribPointer
Engine.obj : error LNK2001: unresolved external symbol __imp___glewGenerateMipmap
Engine.obj : error LNK2001: unresolved external symbol __imp___glewBindVertexArray
Object.obj : error LNK2001: unresolved external symbol __imp___glewBindVertexArray
Engine.obj : error LNK2001: unresolved external symbol __imp___glewGenVertexArrays
Object.obj : error LNK2001: unresolved external symbol __imp___glewGenVertexArrays
Errors.obj : error LNK2019: unresolved external symbol SDL_Quit referenced in function "void __cdecl fatalError(class std::basic_string<char,struct std::char_traits<char>,class std::allocator<char> >)" (?fatalError@@YAXV?$basic_string@DU?$char_traits@D@std@@V?$allocator@D@2@@std@@@Z)
GLSLProgram.obj : error LNK2001: unresolved external symbol __imp___glewAttachShader
GLSLProgram.obj : error LNK2001: unresolved external symbol __imp___glewBindAttribLocation
GLSLProgram.obj : error LNK2001: unresolved external symbol __imp___glewCompileShader
GLSLProgram.obj : error LNK2001: unresolved external symbol __imp___glewCreateProgram
GLSLProgram.obj : error LNK2001: unresolved external symbol __imp___glewCreateShader
GLSLProgram.obj : error LNK2001: unresolved external symbol __imp___glewDeleteProgram
GLSLProgram.obj : error LNK2001: unresolved external symbol __imp___glewDeleteShader
GLSLProgram.obj : error LNK2001: unresolved external symbol __imp___glewDetachShader
GLSLProgram.obj : error LNK2001: unresolved external symbol __imp___glewDisableVertexAttribArray
GLSLProgram.obj : error LNK2001: unresolved external symbol __imp___glewGetProgramInfoLog
GLSLProgram.obj : error LNK2001: unresolved external symbol __imp___glewGetProgramiv
GLSLProgram.obj : error LNK2001: unresolved external symbol __imp___glewGetShaderInfoLog
GLSLProgram.obj : error LNK2001: unresolved external symbol __imp___glewGetShaderiv
GLSLProgram.obj : error LNK2001: unresolved external symbol __imp___glewGetUniformLocation
GLSLProgram.obj : error LNK2001: unresolved external symbol __imp___glewLinkProgram
GLSLProgram.obj : error LNK2001: unresolved external symbol __imp___glewShaderSource
GLSLProgram.obj : error LNK2001: unresolved external symbol __imp___glewUseProgram
Object.obj : error LNK2001: unresolved external symbol __imp___glewDeleteBuffers
Object.obj : error LNK2001: unresolved external symbol __imp___glewDeleteVertexArrays
MSVCRTD.lib(exe_main.obj) : error LNK2019: unresolved external symbol main referenced in function "int __cdecl invoke_main(void)" (?invoke_main@@YAHXZ)
C:\Users\Jarred\Documents\GitHub\acacia\\deps\lib\glew32.lib : warning LNK4272: library machine type 'x86' conflicts with target machine type 'x64'
C:\Users\Jarred\Documents\GitHub\acacia\\deps\lib\SDL2.lib : warning LNK4272: library machine type 'x86' conflicts with target machine type 'x64'
C:\Users\Jarred\Documents\GitHub\acacia\\deps\lib\SDL2main.lib : warning LNK4272: library machine type 'x86' conflicts with target machine type 'x64'
C:\Users\Jarred\Documents\GitHub\acacia\\deps\lib\SDL2_ttf.lib : warning LNK4272: library machine type 'x86' conflicts with target machine type 'x64'
C:\Users\Jarred\Documents\GitHub\acacia\x64\Debug\Acacia.exe : fatal error LNK1120: 45 unresolved externals
